<?xml version="1.0" encoding="UTF-8"?>
<!-- Generated by org.testng.reporters.JUnitReportReporter -->
<testsuite hostname="XCHNLQC1358" failures="0" tests="1" name="day1.Day1Http_Basics" time="4.207" errors="0" timestamp="2024-02-06T12:12:02 IST" skipped="0">
  <testcase classname="day1.Day1Http_Basics" name="getuserdetails" time="4.207"/>
</testsuite> <!-- day1.Day1Http_Basics -->
