<?xml version="1.0" encoding="UTF-8"?>
<!-- Generated by org.testng.reporters.JUnitReportReporter -->
<testsuite hostname="XCHNLQC1358" failures="0" tests="3" name="day3.Headers" time="4.543" errors="0" timestamp="2024-02-29T21:49:19 IST" skipped="0">
  <testcase classname="day3.Headers" name="getallheaders" time="3.223"/>
  <testcase classname="day3.Headers" name="getheaders" time="0.875"/>
  <testcase classname="day3.Headers" name="getsingleheader" time="0.445"/>
</testsuite> <!-- day3.Headers -->
