<?xml version="1.0" encoding="UTF-8"?>
<!-- Generated by org.testng.reporters.JUnitReportReporter -->
<testsuite hostname="XCHNLQC1358" failures="0" tests="1" name="day2.Postusing_JsonObject" time="4.049" errors="0" timestamp="2024-02-14T21:10:55 IST" skipped="0">
  <testcase classname="day2.Postusing_JsonObject" name="testpostusingjsonlibrary" time="4.049"/>
</testsuite> <!-- day2.Postusing_JsonObject -->
