<?xml version="1.0" encoding="UTF-8"?>
<!-- Generated by org.testng.reporters.JUnitReportReporter -->
<testsuite hostname="XCHNLQC1358" failures="0" tests="1" name="day3.logs" time="4.021" errors="0" timestamp="2024-02-29T21:57:39 IST" skipped="0">
  <testcase classname="day3.logs" name="testlog" time="4.021"/>
</testsuite> <!-- day3.logs -->
