<?xml version="1.0" encoding="UTF-8"?>
<!-- Generated by org.testng.reporters.JUnitReportReporter -->
<testsuite hostname="XCHNLQC1358" failures="0" tests="1" name="day3.Query_and_url_parameter" time="3.788" errors="0" timestamp="2024-02-27T22:37:02 IST" skipped="0">
  <testcase classname="day3.Query_and_url_parameter" name="testqueryandparam" time="3.788"/>
</testsuite> <!-- day3.Query_and_url_parameter -->
