<?xml version="1.0" encoding="UTF-8"?>
<!-- Generated by org.testng.reporters.JUnitReportReporter -->
<testsuite hostname="XCHNLQC1358" failures="0" tests="1" name="day2.Externaljsonfile" time="4.198" errors="0" timestamp="2024-02-14T22:55:41 IST" skipped="0">
  <testcase classname="day2.Externaljsonfile" name="externaljson" time="4.198"/>
</testsuite> <!-- day2.Externaljsonfile -->
