<?xml version="1.0" encoding="UTF-8"?>
<!-- Generated by org.testng.reporters.JUnitReportReporter -->
<testsuite hostname="XCHNLQC1358" failures="0" tests="1" name="day2.Post_Training" time="4.424" errors="0" timestamp="2024-02-13T22:52:28 IST" skipped="0">
  <testcase classname="day2.Post_Training" name="hashmaptraining" time="4.424"/>
</testsuite> <!-- day2.Post_Training -->
