<?xml version="1.0" encoding="UTF-8"?>
<!-- Generated by org.testng.reporters.JUnitReportReporter -->
<testsuite hostname="XCHNLQC1358" failures="0" tests="1" name="day2.PojoPost" time="5.335" errors="0" timestamp="2024-02-14T21:34:30 IST" skipped="0">
  <testcase classname="day2.PojoPost" name="testpostusingjsonlibrary" time="5.335"/>
</testsuite> <!-- day2.PojoPost -->
