<?xml version="1.0" encoding="UTF-8"?>
<!-- Generated by org.testng.reporters.JUnitReportReporter -->
<testsuite hostname="XCHNLQC1358" failures="0" tests="1" name="day5.SingleFileUpload" time="6.631" errors="0" timestamp="2024-04-04T22:11:11 IST" skipped="0">
  <testcase classname="day5.SingleFileUpload" name="singlefupload" time="6.631"/>
</testsuite> <!-- day5.SingleFileUpload -->
