<?xml version="1.0" encoding="UTF-8"?>
<!-- Generated by org.testng.reporters.JUnitReportReporter -->
<testsuite hostname="XCHNLQC1358" failures="0" tests="1" name="day4.Jsonresponsepsrding" time="2.867" errors="0" timestamp="2024-03-26T20:40:42 IST" skipped="0">
  <testcase classname="day4.Jsonresponsepsrding" name="getmutiplejsonvalue" time="2.867"/>
</testsuite> <!-- day4.Jsonresponsepsrding -->
