<?xml version="1.0" encoding="UTF-8"?>
<!-- Generated by org.testng.reporters.JUnitReportReporter -->
<testsuite hostname="XCHNLQC1358" failures="0" tests="1" name="day5.Xmltraining" time="6.740" errors="0" timestamp="2024-04-04T21:07:00 IST" skipped="0">
  <testcase classname="day5.Xmltraining" name="xmlwithbulkresponse" time="6.740"/>
</testsuite> <!-- day5.Xmltraining -->
